{"level":"debug","message":"Marketplace service started","module":"marketplace","timestamp":"2026-06-26T06:55:46.765Z"}
{"level":"debug","message":"Call service started","module":"calls","timestamp":"2026-06-26T06:55:46.766Z"}
{"level":"debug","message":"Player Service started","module":"player","timestamp":"2026-06-26T06:55:46.766Z"}
{"level":"info","message":"Loading QBX bridge....","timestamp":"2026-06-26T06:55:46.766Z"}
{"level":"info","message":"QBX bridge initialized","timestamp":"2026-06-26T06:55:46.766Z"}
{"level":"debug","message":"Boot service started","module":"boot","timestamp":"2026-06-26T06:55:46.766Z"}
{"level":"debug","message":"Messages service started","module":"messages","timestamp":"2026-06-26T06:55:46.767Z"}
{"level":"debug","message":"Notes service started","module":"notes","timestamp":"2026-06-26T06:55:46.767Z"}
{"level":"debug","message":"Contacts service started","module":"contact","timestamp":"2026-06-26T06:55:46.767Z"}
{"level":"debug","message":"Photo service started","module":"photo","timestamp":"2026-06-26T06:55:46.771Z"}
{"level":"debug","message":"Twitter service started","module":"twitter","timestamp":"2026-06-26T06:55:46.771Z"}
{"level":"debug","message":"Match service started","module":"match","timestamp":"2026-06-26T06:55:46.771Z"}
{"level":"debug","message":"Beginning database schema validation","module":"boot","timestamp":"2026-06-26T06:55:47.158Z"}
{"level":"info","message":"Successfully started","timestamp":"2026-06-26T06:55:47.165Z"}
{"level":"info","message":"Executed query (SELECT COUNT(*) as count\n                       FROM information_schema.tables\n                       WHERE table_schema = ?\n                         AND table_name = ? [\"Qbox_3E1F8F\",\"players\"]) in 52.9389ms'","module":"DBInterface","timestamp":"2026-06-26T06:55:47.211Z"}
{"level":"info","message":"Executed query (SHOW COLUMNS IN players []) in 11.5176ms'","module":"DBInterface","timestamp":"2026-06-26T06:55:47.223Z"}
{"level":"debug","message":"Database schema successfully validated","module":"boot","timestamp":"2026-06-26T06:55:47.223Z"}
{"level":"info","message":"New NPWD Player added through event (1) (IDF4MZ42)","module":"player","timestamp":"2026-06-26T06:58:40.335Z"}
{"level":"debug","message":{"_firstname":"גולש אש","_identifier":"IDF4MZ42","_lastname":"מגיל 6","_phoneNumber":"9202714549","source":1,"username":"astrix"},"module":"player","timestamp":"2026-06-26T06:58:40.335Z"}
{"level":"info","message":"New NPWD Player added through event (1) (IDF4MZ42)","module":"player","timestamp":"2026-06-26T06:58:40.339Z"}
{"level":"debug","message":{"_firstname":"גולש אש","_identifier":"IDF4MZ42","_lastname":"מגיל 6","_phoneNumber":"9202714549","source":1,"username":"astrix"},"module":"player","timestamp":"2026-06-26T06:58:40.339Z"}
{"level":"silly","message":"netPromise > npwd:fetchTweets > RequestObj","module":"events","timestamp":"2026-06-26T06:58:40.434Z"}
{"level":"silly","message":{"data":{"pageId":0},"source":1},"module":"events","timestamp":"2026-06-26T06:58:40.434Z"}
{"level":"info","message":"Executed query (\n        SELECT *\n        FROM npwd_twitter_profiles\n        WHERE identifier = ?\n        LIMIT 1\n\t\t [\"IDF4MZ42\"]) in 4.9865ms'","module":"DBInterface","timestamp":"2026-06-26T06:58:40.440Z"}
{"level":"warn","message":"Aborted fetching tweets for user IDF4MZ42 because they do not have a profile.","module":"twitter","timestamp":"2026-06-26T06:58:40.440Z"}
{"level":"silly","message":"Response Promise Event npwd:fetchTweets:51773214-07f4-4823-8bf2-a3879ea938c3 (5.6674ms), Data >>","module":"events","timestamp":"2026-06-26T06:58:40.440Z"}
{"level":"silly","message":{"data":[],"status":"ok"},"module":"events","timestamp":"2026-06-26T06:58:40.440Z"}
{"level":"silly","message":"netPromise > npwd:getOrCreateTwitterProfile > RequestObj","module":"events","timestamp":"2026-06-26T06:58:40.483Z"}
{"level":"silly","message":{"data":null,"source":1},"module":"events","timestamp":"2026-06-26T06:58:40.483Z"}
{"level":"silly","message":"netPromise > phone:getMyProfile > RequestObj","module":"events","timestamp":"2026-06-26T06:58:40.483Z"}
{"level":"silly","message":{"data":null,"source":1},"module":"events","timestamp":"2026-06-26T06:58:40.484Z"}
{"level":"silly","message":"netPromise > npwd:fetchMessageGroups > RequestObj","module":"events","timestamp":"2026-06-26T06:58:40.484Z"}
{"level":"silly","message":{"data":null,"source":1},"module":"events","timestamp":"2026-06-26T06:58:40.484Z"}
{"level":"silly","message":"netPromise > npwd-contact-getAll > RequestObj","module":"events","timestamp":"2026-06-26T06:58:40.485Z"}
{"level":"silly","message":{"data":null,"source":1},"module":"events","timestamp":"2026-06-26T06:58:40.485Z"}
{"level":"info","message":"Executed query (\n        SELECT *\n        FROM npwd_twitter_profiles\n        WHERE identifier = ?\n        LIMIT 1\n\t\t [\"IDF4MZ42\"]) in 3.233ms'","module":"DBInterface","timestamp":"2026-06-26T06:58:40.487Z"}
{"level":"info","message":"Creating default Twitter profile 6 for IDF4MZ42","module":"twitter","timestamp":"2026-06-26T06:58:40.487Z"}
{"level":"info","message":"Executed query (\n        SELECT *,\n               UNIX_TIMESTAMP(updatedAt) AS lastActive\n        FROM npwd_match_profiles\n        WHERE identifier = ?\n        LIMIT 1\n\t\t [\"IDF4MZ42\"]) in 8.5392ms'","module":"DBInterface","timestamp":"2026-06-26T06:58:40.492Z"}
{"level":"info","message":"Creating default match profile 6 for IDF4MZ42","module":"match","timestamp":"2026-06-26T06:58:40.492Z"}
{"level":"info","message":"Executed query (SELECT * FROM npwd_phone_contacts WHERE identifier = ? ORDER BY display ASC [\"IDF4MZ42\"]) in 8.1126ms'","module":"DBInterface","timestamp":"2026-06-26T06:58:40.493Z"}
{"level":"info","message":"Executed query (\n        SELECT *\n        FROM npwd_twitter_profiles\n        WHERE identifier = ?\n        LIMIT 1\n\t\t [\"IDF4MZ42\"]) in 1.5813ms'","module":"DBInterface","timestamp":"2026-06-26T06:58:40.493Z"}
{"level":"silly","message":"Response Promise Event npwd-contact-getAll:698e6ab5-a1e5-4401-aaaa-63ea11c97f4f (8.3359ms), Data >>","module":"events","timestamp":"2026-06-26T06:58:40.493Z"}
{"level":"silly","message":{"data":[],"status":"ok"},"module":"events","timestamp":"2026-06-26T06:58:40.493Z"}
{"level":"silly","message":"Response Promise Event npwd:getOrCreateTwitterProfile:6ad105aa-e6b8-46bd-8152-cc63eca40699 (10.2452ms), Data >>","module":"events","timestamp":"2026-06-26T06:58:40.493Z"}
{"level":"silly","message":{"data":{"avatar_url":"https://i.fivemanage.com/images/3ClWwmpwkFhL.png","createdAt":"2026-06-26T06:58:40.000Z","id":1,"identifier":"IDF4MZ42","profile_name":"6","updatedAt":"2026-06-26T06:58:40.000Z"},"status":"ok"},"module":"events","timestamp":"2026-06-26T06:58:40.493Z"}
{"level":"info","message":"Executed query (SELECT npwd_messages_conversations.id,\n                          npwd_messages_conversations.conversation_list         as conversationList,\n                          npwd_messages_participants.unread_count               as unreadCount,\n                          npwd_messages_conversations.is_group_chat             as isGroupChat,\n                          npwd_messages_conversations.label,\n                          UNIX_TIMESTAMP(npwd_messages_conversations.updatedAt) as updatedAt,\n                          npwd_messages_participants.participant\n                   FROM npwd_messages_conversations\n                            INNER JOIN npwd_messages_participants\n                                       on npwd_messages_conversations.id = npwd_messages_participants.conversation_id\n                   WHERE npwd_messages_participants.participant = ? [\"9202714549\"]) in 9.5937ms'","module":"DBInterface","timestamp":"2026-06-26T06:58:40.494Z"}
{"level":"silly","message":"Response Promise Event npwd:fetchMessageGroups:7e5b97a8-8cd3-4506-8206-1cc47865835d (9.7795ms), Data >>","module":"events","timestamp":"2026-06-26T06:58:40.494Z"}
{"level":"silly","message":{"data":[],"status":"ok"},"module":"events","timestamp":"2026-06-26T06:58:40.494Z"}
{"level":"info","message":"Executed query (\n        SELECT *,\n               UNIX_TIMESTAMP(updatedAt) AS lastActive\n        FROM npwd_match_profiles\n        WHERE identifier = ?\n        LIMIT 1\n\t\t [\"IDF4MZ42\"]) in 1.1004ms'","module":"DBInterface","timestamp":"2026-06-26T06:58:40.497Z"}
{"level":"silly","message":"Response Promise Event phone:getMyProfile:cde157d3-cc10-44d8-8c7c-5a65a1d551eb (13.6162ms), Data >>","module":"events","timestamp":"2026-06-26T06:58:40.497Z"}
{"level":"silly","message":{"data":{"bio":"","createdAt":"2026-06-26T06:58:40.000Z","id":1,"identifier":"IDF4MZ42","image":"https://upload.wikimedia.org/wikipedia/commons/a/ac/No_image_available.svg","job":"","lastActive":1782457120,"lastActiveFormatted":"Fri, 26 Jun 2026 06:58:40 GMT","location":"","name":"6","tagList":[],"tags":"","updatedAt":"2026-06-26T06:58:40.000Z","viewed":false,"voiceMessage":null},"status":"ok"},"module":"events","timestamp":"2026-06-26T06:58:40.497Z"}
{"level":"info","message":"Executed query (SELECT id FROM npwd_marketplace_listings WHERE identifier = ? [\"IDF4MZ42\"]) in 11.1861ms'","module":"DBInterface","timestamp":"2026-06-26T07:54:20.233Z"}
{"level":"info","message":"Executed query (DELETE FROM npwd_marketplace_listings WHERE identifier = ? AND reported = 0 [\"IDF4MZ42\"]) in 0.5413ms'","module":"DBInterface","timestamp":"2026-06-26T07:54:20.234Z"}
{"level":"info","message":"Unloaded NPWD Player, source: (1)","module":"player","timestamp":"2026-06-26T07:54:20.234Z"}
